# JRE version: 6.0_31-b31
# Java VM: OpenJDK 64-Bit Server VM (23.25-b01 mixed mode linux-amd64 compressed oops)
Heap
 PSYoungGen      total 157760K, used 13056K [0x00000007aaab0000, 0x00000007b64d0000, 0x0000000800000000)
  eden space 139520K, 0% used [0x00000007aaab0000,0x00000007aaab0000,0x00000007b32f0000)
  from space 18240K, 71% used [0x00000007b32f0000,0x00000007b3fb0000,0x00000007b44c0000)
  to   space 18432K, 0% used [0x00000007b52d0000,0x00000007b52d0000,0x00000007b64d0000)
 ParOldGen       total 833344K, used 818293K [0x0000000700000000, 0x0000000732dd0000, 0x00000007aaab0000)
  object space 833344K, 98% used [0x0000000700000000,0x0000000731f1d6f0,0x0000000732dd0000)
 PSPermGen       total 23424K, used 14436K [0x00000006f5a00000, 0x00000006f70e0000, 0x0000000700000000)
  object space 23424K, 61% used [0x00000006f5a00000,0x00000006f68191d0,0x00000006f70e0000)
GC Heap History (10 events):
Event: 23.798 GC heap after
Heap after GC invocations=146 (full 7):
 PSYoungGen      total 134272K, used 11072K [0x00000007aaab0000, 0x00000007b4b70000, 0x0000000800000000)
  eden space 114688K, 0% used [0x00000007aaab0000,0x00000007aaab0000,0x00000007b1ab0000)
  from space 19584K, 56% used [0x00000007b1ab0000,0x00000007b2580000,0x00000007b2dd0000)
  to   space 19072K, 0% used [0x00000007b38d0000,0x00000007b38d0000,0x00000007b4b70000)
 ParOldGen       total 833344K, used 772597K [0x0000000700000000, 0x0000000732dd0000, 0x00000007aaab0000)
  object space 833344K, 92% used [0x0000000700000000,0x000000072f27d6f0,0x0000000732dd0000)
 PSPermGen       total 23424K, used 14435K [0x00000006f5a00000, 0x00000006f70e0000, 0x0000000700000000)
  object space 23424K, 61% used [0x00000006f5a00000,0x00000006f6818da8,0x00000006f70e0000)
}
Event: 23.886 GC heap before
{Heap before GC invocations=147 (full 7):
 PSYoungGen      total 134272K, used 125760K [0x00000007aaab0000, 0x00000007b4b70000, 0x0000000800000000)
  eden space 114688K, 100% used [0x00000007aaab0000,0x00000007b1ab0000,0x00000007b1ab0000)
  from space 19584K, 56% used [0x00000007b1ab0000,0x00000007b2580000,0x00000007b2dd0000)
  to   space 19072K, 0% used [0x00000007b38d0000,0x00000007b38d0000,0x00000007b4b70000)
 ParOldGen       total 833344K, used 772597K [0x0000000700000000, 0x0000000732dd0000, 0x00000007aaab0000)
  object space 833344K, 92% used [0x0000000700000000,0x000000072f27d6f0,0x0000000732dd0000)
 PSPermGen       total 23424K, used 14435K [0x00000006f5a00000, 0x00000006f70e0000, 0x0000000700000000)
  object space 23424K, 61% used [0x00000006f5a00000,0x00000006f6818da8,0x00000006f70e0000)
Event: 23.922 GC heap after
Heap after GC invocations=147 (full 7):
 PSYoungGen      total 144512K, used 10752K [0x00000007aaab0000, 0x00000007b4a60000, 0x0000000800000000)
  eden space 126528K, 0% used [0x00000007aaab0000,0x00000007aaab0000,0x00000007b2640000)
  from space 17984K, 59% used [0x00000007b38d0000,0x00000007b4350000,0x00000007b4a60000)
  to   space 18496K, 0% used [0x00000007b2640000,0x00000007b2640000,0x00000007b3850000)
 ParOldGen       total 833344K, used 783669K [0x0000000700000000, 0x0000000732dd0000, 0x00000007aaab0000)
  object space 833344K, 94% used [0x0000000700000000,0x000000072fd4d6f0,0x0000000732dd0000)
 PSPermGen       total 23424K, used 14435K [0x00000006f5a00000, 0x00000006f70e0000, 0x0000000700000000)
  object space 23424K, 61% used [0x00000006f5a00000,0x00000006f6818da8,0x00000006f70e0000)
}
Event: 24.020 GC heap before
{Heap before GC invocations=148 (full 7):
 PSYoungGen      total 144512K, used 137280K [0x00000007aaab0000, 0x00000007b4a60000, 0x0000000800000000)
  eden space 126528K, 100% used [0x00000007aaab0000,0x00000007b2640000,0x00000007b2640000)
  from space 17984K, 59% used [0x00000007b38d0000,0x00000007b4350000,0x00000007b4a60000)
  to   space 18496K, 0% used [0x00000007b2640000,0x00000007b2640000,0x00000007b3850000)
 ParOldGen       total 833344K, used 783669K [0x0000000700000000, 0x0000000732dd0000, 0x00000007aaab0000)
  object space 833344K, 94% used [0x0000000700000000,0x000000072fd4d6f0,0x0000000732dd0000)
 PSPermGen       total 23424K, used 14435K [0x00000006f5a00000, 0x00000006f70e0000, 0x0000000700000000)
  object space 23424K, 61% used [0x00000006f5a00000,0x00000006f6818da8,0x00000006f70e0000)
Event: 24.055 GC heap after
Heap after GC invocations=148 (full 7):
 PSYoungGen      total 145024K, used 12064K [0x00000007aaab0000, 0x00000007b56e0000, 0x0000000800000000)
  eden space 126528K, 0% used [0x00000007aaab0000,0x00000007aaab0000,0x00000007b2640000)
  from space 18496K, 65% used [0x00000007b2640000,0x00000007b3208000,0x00000007b3850000)
  to   space 18432K, 0% used [0x00000007b44e0000,0x00000007b44e0000,0x00000007b56e0000)
 ParOldGen       total 833344K, used 794429K [0x0000000700000000, 0x0000000732dd0000, 0x00000007aaab0000)
  object space 833344K, 95% used [0x0000000700000000,0x00000007307cf6f0,0x0000000732dd0000)
 PSPermGen       total 23424K, used 14435K [0x00000006f5a00000, 0x00000006f70e0000, 0x0000000700000000)
  object space 23424K, 61% used [0x00000006f5a00000,0x00000006f6818da8,0x00000006f70e0000)
}
Event: 24.151 GC heap before
{Heap before GC invocations=149 (full 7):
 PSYoungGen      total 145024K, used 138592K [0x00000007aaab0000, 0x00000007b56e0000, 0x0000000800000000)
  eden space 126528K, 100% used [0x00000007aaab0000,0x00000007b2640000,0x00000007b2640000)
  from space 18496K, 65% used [0x00000007b2640000,0x00000007b3208000,0x00000007b3850000)
  to   space 18432K, 0% used [0x00000007b44e0000,0x00000007b44e0000,0x00000007b56e0000)
 ParOldGen       total 833344K, used 794429K [0x0000000700000000, 0x0000000732dd0000, 0x00000007aaab0000)
  object space 833344K, 95% used [0x0000000700000000,0x00000007307cf6f0,0x0000000732dd0000)
 PSPermGen       total 23424K, used 14435K [0x00000006f5a00000, 0x00000006f70e0000, 0x0000000700000000)
  object space 23424K, 61% used [0x00000006f5a00000,0x00000006f6818da8,0x00000006f70e0000)
Event: 24.190 GC heap after
Heap after GC invocations=149 (full 7):
 PSYoungGen      total 157632K, used 11808K [0x00000007aaab0000, 0x00000007b5690000, 0x0000000800000000)
  eden space 139520K, 0% used [0x00000007aaab0000,0x00000007aaab0000,0x00000007b32f0000)
  from space 18112K, 65% used [0x00000007b44e0000,0x00000007b5068000,0x00000007b5690000)
  to   space 18240K, 0% used [0x00000007b32f0000,0x00000007b32f0000,0x00000007b44c0000)
 ParOldGen       total 833344K, used 806501K [0x0000000700000000, 0x0000000732dd0000, 0x00000007aaab0000)
  object space 833344K, 96% used [0x0000000700000000,0x00000007313996f0,0x0000000732dd0000)
 PSPermGen       total 23424K, used 14435K [0x00000006f5a00000, 0x00000006f70e0000, 0x0000000700000000)
  object space 23424K, 61% used [0x00000006f5a00000,0x00000006f6818da8,0x00000006f70e0000)
}
Event: 24.297 GC heap before
{Heap before GC invocations=150 (full 7):
 PSYoungGen      total 157632K, used 151328K [0x00000007aaab0000, 0x00000007b5690000, 0x0000000800000000)
  eden space 139520K, 100% used [0x00000007aaab0000,0x00000007b32f0000,0x00000007b32f0000)
  from space 18112K, 65% used [0x00000007b44e0000,0x00000007b5068000,0x00000007b5690000)
  to   space 18240K, 0% used [0x00000007b32f0000,0x00000007b32f0000,0x00000007b44c0000)
 ParOldGen       total 833344K, used 806501K [0x0000000700000000, 0x0000000732dd0000, 0x00000007aaab0000)
  object space 833344K, 96% used [0x0000000700000000,0x00000007313996f0,0x0000000732dd0000)
 PSPermGen       total 23424K, used 14436K [0x00000006f5a00000, 0x00000006f70e0000, 0x0000000700000000)
  object space 23424K, 61% used [0x00000006f5a00000,0x00000006f68191d0,0x00000006f70e0000)
Event: 24.336 GC heap after
Heap after GC invocations=150 (full 7):
 PSYoungGen      total 157760K, used 13056K [0x00000007aaab0000, 0x00000007b64d0000, 0x0000000800000000)
  eden space 139520K, 0% used [0x00000007aaab0000,0x00000007aaab0000,0x00000007b32f0000)
  from space 18240K, 71% used [0x00000007b32f0000,0x00000007b3fb0000,0x00000007b44c0000)
  to   space 18432K, 0% used [0x00000007b52d0000,0x00000007b52d0000,0x00000007b64d0000)
 ParOldGen       total 833344K, used 818293K [0x0000000700000000, 0x0000000732dd0000, 0x00000007aaab0000)
  object space 833344K, 98% used [0x0000000700000000,0x0000000731f1d6f0,0x0000000732dd0000)
 PSPermGen       total 23424K, used 14436K [0x00000006f5a00000, 0x00000006f70e0000, 0x0000000700000000)
  object space 23424K, 61% used [0x00000006f5a00000,0x00000006f68191d0,0x00000006f70e0000)
}
Event: 24.336 GC heap before
{Heap before GC invocations=151 (full 8):
 PSYoungGen      total 157760K, used 13056K [0x00000007aaab0000, 0x00000007b64d0000, 0x0000000800000000)
  eden space 139520K, 0% used [0x00000007aaab0000,0x00000007aaab0000,0x00000007b32f0000)
  from space 18240K, 71% used [0x00000007b32f0000,0x00000007b3fb0000,0x00000007b44c0000)
  to   space 18432K, 0% used [0x00000007b52d0000,0x00000007b52d0000,0x00000007b64d0000)
 ParOldGen       total 833344K, used 818293K [0x0000000700000000, 0x0000000732dd0000, 0x00000007aaab0000)
  object space 833344K, 98% used [0x0000000700000000,0x0000000731f1d6f0,0x0000000732dd0000)
 PSPermGen       total 23424K, used 14436K [0x00000006f5a00000, 0x00000006f70e0000, 0x0000000700000000)
  object space 23424K, 61% used [0x00000006f5a00000,0x00000006f68191d0,0x00000006f70e0000)

